Build started 28/07/2020 15:24:04.
     1>Project "C:\Users\User\Documents\hiya-hiya\TR-Grafkom-C\INITR\INITR\INITR.vcxproj" on node 2 (build target(s)).
     1>PrepareForBuild:
         Creating directory "C:\Users\User\Documents\hiya-hiya\TR-Grafkom-C\INITR\Debug\".
       InitializeBuildStatus:
         Creating "Debug\INITR.unsuccessfulbuild" because "AlwaysCreate" was specified.
       ClCompile:
         C:\Program Files (x86)\Microsoft Visual Studio 10.0\VC\bin\CL.exe /c /ZI /nologo /W3 /WX- /Od /Oy- /D WIN32 /D _DEBUG /D _CONSOLE /D _UNICODE /D UNICODE /Gm /EHsc /RTC1 /MDd /GS /fp:precise /Zc:wchar_t /Zc:forScope /Fo"Debug\\" /Fd"Debug\vc100.pdb" /Gd /TP /analyze- /errorReport:prompt INITR.cpp
         INITR.cpp
       ManifestResourceCompile:
         C:\Program Files (x86)\Microsoft SDKs\Windows\v7.0A\bin\rc.exe /nologo /fo"Debug\INITR.exe.embed.manifest.res" Debug\INITR_manifest.rc 
       Link:
         C:\Program Files (x86)\Microsoft Visual Studio 10.0\VC\bin\link.exe /ERRORREPORT:PROMPT /OUT:"C:\Users\User\Documents\hiya-hiya\TR-Grafkom-C\INITR\Debug\INITR.exe" /INCREMENTAL /NOLOGO kernel32.lib user32.lib gdi32.lib winspool.lib comdlg32.lib advapi32.lib shell32.lib ole32.lib oleaut32.lib uuid.lib odbc32.lib odbccp32.lib /MANIFEST /ManifestFile:"Debug\INITR.exe.intermediate.manifest" /MANIFESTUAC:"level='asInvoker' uiAccess='false'" /DEBUG /PDB:"C:\Users\User\Documents\hiya-hiya\TR-Grafkom-C\INITR\Debug\INITR.pdb" /SUBSYSTEM:CONSOLE /TLBID:1 /DYNAMICBASE /NXCOMPAT /IMPLIB:"C:\Users\User\Documents\hiya-hiya\TR-Grafkom-C\INITR\Debug\INITR.lib" /MACHINE:X86 Debug\INITR.exe.embed.manifest.res
         Debug\INITR.obj
       Manifest:
         C:\Program Files (x86)\Microsoft SDKs\Windows\v7.0A\bin\mt.exe /nologo /verbose /out:"Debug\INITR.exe.embed.manifest" /manifest Debug\INITR.exe.intermediate.manifest
         C:\Program Files (x86)\Microsoft SDKs\Windows\v7.0A\bin\rc.exe /nologo /fo"Debug\INITR.exe.embed.manifest.res" Debug\INITR_manifest.rc 
       LinkEmbedManifest:
         C:\Program Files (x86)\Microsoft Visual Studio 10.0\VC\bin\link.exe /ERRORREPORT:PROMPT /OUT:"C:\Users\User\Documents\hiya-hiya\TR-Grafkom-C\INITR\Debug\INITR.exe" /INCREMENTAL /NOLOGO kernel32.lib user32.lib gdi32.lib winspool.lib comdlg32.lib advapi32.lib shell32.lib ole32.lib oleaut32.lib uuid.lib odbc32.lib odbccp32.lib /MANIFEST /ManifestFile:"Debug\INITR.exe.intermediate.manifest" /MANIFESTUAC:"level='asInvoker' uiAccess='false'" /DEBUG /PDB:"C:\Users\User\Documents\hiya-hiya\TR-Grafkom-C\INITR\Debug\INITR.pdb" /SUBSYSTEM:CONSOLE /TLBID:1 /DYNAMICBASE /NXCOMPAT /IMPLIB:"C:\Users\User\Documents\hiya-hiya\TR-Grafkom-C\INITR\Debug\INITR.lib" /MACHINE:X86 Debug\INITR.exe.embed.manifest.res
         Debug\INITR.obj
         INITR.vcxproj -> C:\Users\User\Documents\hiya-hiya\TR-Grafkom-C\INITR\Debug\INITR.exe
       FinalizeBuildStatus:
         Deleting file "Debug\INITR.unsuccessfulbuild".
         Touching "Debug\INITR.lastbuildstate".
     1>Done Building Project "C:\Users\User\Documents\hiya-hiya\TR-Grafkom-C\INITR\INITR\INITR.vcxproj" (build target(s)).

Build succeeded.

Time Elapsed 00:00:02.67
